<?xml version="1.0" encoding="UTF-8"?>
<!-- Generated by org.testng.reporters.JUnitReportReporter -->
<testsuite skipped="0" hostname="Srilatha" name="TestNG.DemoTestNG" tests="1" failures="0" timestamp="14 May 2018 03:52:11 GMT" time="9.395" errors="0">
  <testcase name="TestZipRecruiterLogin" time="9.395" classname="TestNG.DemoTestNG"/>
</testsuite> <!-- TestNG.DemoTestNG -->
